D:\STUDY\C\STRUCTURE_TO_PLAYERS\STRUCTURE_TO_PLAYERS\DEBUG\VC110.PDB
D:\STUDY\C\STRUCTURE_TO_PLAYERS\STRUCTURE_TO_PLAYERS\DEBUG\SOURCE.OBJ
D:\STUDY\C\STRUCTURE_TO_PLAYERS\DEBUG\STRUCTURE_TO_PLAYERS.ILK
D:\STUDY\C\STRUCTURE_TO_PLAYERS\DEBUG\STRUCTURE_TO_PLAYERS.EXE
D:\STUDY\C\STRUCTURE_TO_PLAYERS\DEBUG\STRUCTURE_TO_PLAYERS.PDB
D:\study\c\structure_to_players\structure_to_players\Debug\Source.obj
D:\study\c\structure_to_players\structure_to_players\Debug\cl.command.1.tlog
D:\study\c\structure_to_players\structure_to_players\Debug\CL.read.1.tlog
D:\study\c\structure_to_players\structure_to_players\Debug\CL.write.1.tlog
D:\study\c\structure_to_players\structure_to_players\Debug\link-cvtres.read.1.tlog
D:\study\c\structure_to_players\structure_to_players\Debug\link-cvtres.write.1.tlog
D:\study\c\structure_to_players\structure_to_players\Debug\link-rc.read.1.tlog
D:\study\c\structure_to_players\structure_to_players\Debug\link-rc.write.1.tlog
D:\study\c\structure_to_players\structure_to_players\Debug\link.command.1.tlog
D:\study\c\structure_to_players\structure_to_players\Debug\link.read.1.tlog
D:\study\c\structure_to_players\structure_to_players\Debug\link.write.1.tlog
D:\study\c\structure_to_players\structure_to_players\Debug\vc110.idb
D:\study\c\structure_to_players\structure_to_players\Debug\vc110.pdb
D:\study\c\structure_to_players\Debug\structure_to_players.pdb
D:\study\c\structure_to_players\Debug\structure_to_players.exe
D:\study\c\structure_to_players\Debug\structure_to_players.ilk
