Build started 11-03-2020 15:13:16.
     1>Project "D:\study\c\vowels Consonants  Digits day4\vowels Consonants  Digits day4\vowels Consonants  Digits day4.vcxproj" on node 2 (Build target(s)).
     1>PrepareForBuild:
         Creating directory "D:\study\c\vowels Consonants  Digits day4\Debug\".
       InitializeBuildStatus:
         Creating "Debug\vowels Consonants  Digits day4.unsuccessfulbuild" because "AlwaysCreate" was specified.
       ClCompile:
         C:\Program Files (x86)\Microsoft Visual Studio 11.0\VC\bin\CL.exe /c /ZI /nologo /W3 /WX- /Od /Oy- /D WIN32 /D _DEBUG /D _CONSOLE /D _UNICODE /D UNICODE /Gm /EHsc /RTC1 /MDd /GS /fp:precise /Zc:wchar_t /Zc:forScope /Fo"Debug\\" /Fd"Debug\vc110.pdb" /Gd /TC /analyze- /errorReport:prompt Source.c
         Source.c
     1>d:\study\c\vowels consonants  digits day4\vowels consonants  digits day4\source.c(7): warning C4996: 'scanf': This function or variable may be unsafe. Consider using scanf_s instead. To disable deprecation, use _CRT_SECURE_NO_WARNINGS. See online help for details.
                 c:\program files (x86)\microsoft visual studio 11.0\vc\include\stdio.h(290) : see declaration of 'scanf'
       Link:
         C:\Program Files (x86)\Microsoft Visual Studio 11.0\VC\bin\link.exe /ERRORREPORT:PROMPT /OUT:"D:\study\c\vowels Consonants  Digits day4\Debug\vowels Consonants  Digits day4.exe" /INCREMENTAL /NOLOGO kernel32.lib user32.lib gdi32.lib winspool.lib comdlg32.lib advapi32.lib shell32.lib ole32.lib oleaut32.lib uuid.lib odbc32.lib odbccp32.lib /MANIFEST /MANIFESTUAC:"level='asInvoker' uiAccess='false'" /manifest:embed /DEBUG /PDB:"D:\study\c\vowels Consonants  Digits day4\Debug\vowels Consonants  Digits day4.pdb" /SUBSYSTEM:CONSOLE /TLBID:1 /DYNAMICBASE /NXCOMPAT /IMPLIB:"D:\study\c\vowels Consonants  Digits day4\Debug\vowels Consonants  Digits day4.lib" /MACHINE:X86 Debug\Source.obj
         vowels Consonants  Digits day4.vcxproj -> D:\study\c\vowels Consonants  Digits day4\Debug\vowels Consonants  Digits day4.exe
       FinalizeBuildStatus:
         Deleting file "Debug\vowels Consonants  Digits day4.unsuccessfulbuild".
         Touching "Debug\vowels Consonants  Digits day4.lastbuildstate".
     1>Done Building Project "D:\study\c\vowels Consonants  Digits day4\vowels Consonants  Digits day4\vowels Consonants  Digits day4.vcxproj" (Build target(s)).

Build succeeded.

Time Elapsed 00:00:08.94
