D:\STUDY\C\PROJECT1\PROJECT1\DEBUG\SOURCE.OBJ
D:\STUDY\C\PROJECT1\PROJECT1\DEBUG\VC110.PDB
D:\STUDY\C\PROJECT1\DEBUG\PROJECT1.ILK
D:\STUDY\C\PROJECT1\DEBUG\PROJECT1.EXE
D:\STUDY\C\PROJECT1\DEBUG\PROJECT1.PDB
D:\study\c\project1\project1\Debug\Source.obj
D:\study\c\project1\project1\Debug\cl.command.1.tlog
D:\study\c\project1\project1\Debug\CL.read.1.tlog
D:\study\c\project1\project1\Debug\CL.write.1.tlog
D:\study\c\project1\project1\Debug\link-cvtres.read.1.tlog
D:\study\c\project1\project1\Debug\link-cvtres.write.1.tlog
D:\study\c\project1\project1\Debug\link-rc.read.1.tlog
D:\study\c\project1\project1\Debug\link-rc.write.1.tlog
D:\study\c\project1\project1\Debug\link.command.1.tlog
D:\study\c\project1\project1\Debug\link.read.1.tlog
D:\study\c\project1\project1\Debug\link.write.1.tlog
D:\study\c\project1\project1\Debug\vc110.idb
D:\study\c\project1\project1\Debug\vc110.pdb
D:\study\c\project1\Debug\project1.pdb
D:\study\c\project1\Debug\project1.exe
D:\study\c\project1\Debug\project1.ilk
