D:\STUDY\C\POINTER USING ARRAY ASSIGMENT1\POINTER USING ARRAY ASSIGMENT1\DEBUG\SOURCE.OBJ
D:\STUDY\C\POINTER USING ARRAY ASSIGMENT1\POINTER USING ARRAY ASSIGMENT1\DEBUG\VC110.PDB
D:\STUDY\C\POINTER USING ARRAY ASSIGMENT1\DEBUG\POINTER USING ARRAY ASSIGMENT1.ILK
D:\STUDY\C\POINTER USING ARRAY ASSIGMENT1\DEBUG\POINTER USING ARRAY ASSIGMENT1.EXE
D:\STUDY\C\POINTER USING ARRAY ASSIGMENT1\DEBUG\POINTER USING ARRAY ASSIGMENT1.PDB
D:\study\c\pointer using array assigment1\pointer using array assigment1\Debug\Source.obj
D:\study\c\pointer using array assigment1\pointer using array assigment1\Debug\cl.command.1.tlog
D:\study\c\pointer using array assigment1\pointer using array assigment1\Debug\CL.read.1.tlog
D:\study\c\pointer using array assigment1\pointer using array assigment1\Debug\CL.write.1.tlog
D:\study\c\pointer using array assigment1\pointer using array assigment1\Debug\link-cvtres.read.1.tlog
D:\study\c\pointer using array assigment1\pointer using array assigment1\Debug\link-cvtres.write.1.tlog
D:\study\c\pointer using array assigment1\pointer using array assigment1\Debug\link-rc.read.1.tlog
D:\study\c\pointer using array assigment1\pointer using array assigment1\Debug\link-rc.write.1.tlog
D:\study\c\pointer using array assigment1\pointer using array assigment1\Debug\link.command.1.tlog
D:\study\c\pointer using array assigment1\pointer using array assigment1\Debug\link.read.1.tlog
D:\study\c\pointer using array assigment1\pointer using array assigment1\Debug\link.write.1.tlog
D:\study\c\pointer using array assigment1\pointer using array assigment1\Debug\vc110.idb
D:\study\c\pointer using array assigment1\pointer using array assigment1\Debug\vc110.pdb
D:\study\c\pointer using array assigment1\Debug\pointer using array assigment1.pdb
D:\study\c\pointer using array assigment1\Debug\pointer using array assigment1.exe
D:\study\c\pointer using array assigment1\Debug\pointer using array assigment1.ilk
