D:\STUDY\C\POINETR TYPE1\POINETR TYPE1\DEBUG\SOURCE.OBJ
D:\STUDY\C\POINETR TYPE1\POINETR TYPE1\DEBUG\VC110.PDB
D:\STUDY\C\POINETR TYPE1\DEBUG\POINETR TYPE1.ILK
D:\STUDY\C\POINETR TYPE1\DEBUG\POINETR TYPE1.EXE
D:\STUDY\C\POINETR TYPE1\DEBUG\POINETR TYPE1.PDB
D:\study\c\poinetr type1\poinetr type1\Debug\Source.obj
D:\study\c\poinetr type1\poinetr type1\Debug\cl.command.1.tlog
D:\study\c\poinetr type1\poinetr type1\Debug\CL.read.1.tlog
D:\study\c\poinetr type1\poinetr type1\Debug\CL.write.1.tlog
D:\study\c\poinetr type1\poinetr type1\Debug\link-cvtres.read.1.tlog
D:\study\c\poinetr type1\poinetr type1\Debug\link-cvtres.write.1.tlog
D:\study\c\poinetr type1\poinetr type1\Debug\link-rc.read.1.tlog
D:\study\c\poinetr type1\poinetr type1\Debug\link-rc.write.1.tlog
D:\study\c\poinetr type1\poinetr type1\Debug\link.command.1.tlog
D:\study\c\poinetr type1\poinetr type1\Debug\link.read.1.tlog
D:\study\c\poinetr type1\poinetr type1\Debug\link.write.1.tlog
D:\study\c\poinetr type1\poinetr type1\Debug\vc110.idb
D:\study\c\poinetr type1\poinetr type1\Debug\vc110.pdb
D:\study\c\poinetr type1\Debug\poinetr type1.pdb
D:\study\c\poinetr type1\Debug\poinetr type1.exe
D:\study\c\poinetr type1\Debug\poinetr type1.ilk
