D:\STUDY\C\ARRAY ASSIGNMENT22\ARRAY ASSIGNMENT22\DEBUG\SOURCE.OBJ
D:\STUDY\C\ARRAY ASSIGNMENT22\ARRAY ASSIGNMENT22\DEBUG\VC110.PDB
D:\STUDY\C\ARRAY ASSIGNMENT22\DEBUG\ARRAY ASSIGNMENT22.ILK
D:\STUDY\C\ARRAY ASSIGNMENT22\DEBUG\ARRAY ASSIGNMENT22.EXE
D:\STUDY\C\ARRAY ASSIGNMENT22\DEBUG\ARRAY ASSIGNMENT22.PDB
D:\study\c\Array assignment22\Array assignment22\Debug\Source.obj
D:\study\c\Array assignment22\Array assignment22\Debug\cl.command.1.tlog
D:\study\c\Array assignment22\Array assignment22\Debug\CL.read.1.tlog
D:\study\c\Array assignment22\Array assignment22\Debug\CL.write.1.tlog
D:\study\c\Array assignment22\Array assignment22\Debug\link-cvtres.read.1.tlog
D:\study\c\Array assignment22\Array assignment22\Debug\link-cvtres.write.1.tlog
D:\study\c\Array assignment22\Array assignment22\Debug\link-rc.read.1.tlog
D:\study\c\Array assignment22\Array assignment22\Debug\link-rc.write.1.tlog
D:\study\c\Array assignment22\Array assignment22\Debug\link.command.1.tlog
D:\study\c\Array assignment22\Array assignment22\Debug\link.read.1.tlog
D:\study\c\Array assignment22\Array assignment22\Debug\link.write.1.tlog
D:\study\c\Array assignment22\Array assignment22\Debug\vc110.idb
D:\study\c\Array assignment22\Array assignment22\Debug\vc110.pdb
D:\study\c\Array assignment22\Debug\Array assignment22.pdb
D:\study\c\Array assignment22\Debug\Array assignment22.exe
D:\study\c\Array assignment22\Debug\Array assignment22.ilk
