D:\STUDY\C\RECUSIVE FUNCTION FACTORIAL\RECUSIVE FUNCTION FACTORIAL\DEBUG\SOURCE.OBJ
D:\STUDY\C\RECUSIVE FUNCTION FACTORIAL\RECUSIVE FUNCTION FACTORIAL\DEBUG\VC110.PDB
D:\STUDY\C\RECUSIVE FUNCTION FACTORIAL\DEBUG\RECUSIVE FUNCTION FACTORIAL.ILK
D:\STUDY\C\RECUSIVE FUNCTION FACTORIAL\DEBUG\RECUSIVE FUNCTION FACTORIAL.EXE
D:\STUDY\C\RECUSIVE FUNCTION FACTORIAL\DEBUG\RECUSIVE FUNCTION FACTORIAL.PDB
D:\study\c\recusive function factorial\recusive function factorial\Debug\Source.obj
D:\study\c\recusive function factorial\recusive function factorial\Debug\cl.command.1.tlog
D:\study\c\recusive function factorial\recusive function factorial\Debug\CL.read.1.tlog
D:\study\c\recusive function factorial\recusive function factorial\Debug\CL.write.1.tlog
D:\study\c\recusive function factorial\recusive function factorial\Debug\link-cvtres.read.1.tlog
D:\study\c\recusive function factorial\recusive function factorial\Debug\link-cvtres.write.1.tlog
D:\study\c\recusive function factorial\recusive function factorial\Debug\link-rc.read.1.tlog
D:\study\c\recusive function factorial\recusive function factorial\Debug\link-rc.write.1.tlog
D:\study\c\recusive function factorial\recusive function factorial\Debug\link.command.1.tlog
D:\study\c\recusive function factorial\recusive function factorial\Debug\link.read.1.tlog
D:\study\c\recusive function factorial\recusive function factorial\Debug\link.write.1.tlog
D:\study\c\recusive function factorial\recusive function factorial\Debug\vc110.idb
D:\study\c\recusive function factorial\recusive function factorial\Debug\vc110.pdb
D:\study\c\recusive function factorial\Debug\recusive function factorial.pdb
D:\study\c\recusive function factorial\Debug\recusive function factorial.exe
D:\study\c\recusive function factorial\Debug\recusive function factorial.ilk
