D:\STUDY\C\POINTER TO STRING STRCMP\POINTER TO STRING STRCMP\DEBUG\SOURCE.OBJ
D:\STUDY\C\POINTER TO STRING STRCMP\POINTER TO STRING STRCMP\DEBUG\VC110.PDB
D:\STUDY\C\POINTER TO STRING STRCMP\DEBUG\POINTER TO STRING STRCMP.ILK
D:\STUDY\C\POINTER TO STRING STRCMP\DEBUG\POINTER TO STRING STRCMP.EXE
D:\STUDY\C\POINTER TO STRING STRCMP\DEBUG\POINTER TO STRING STRCMP.PDB
D:\study\c\pointer to string strcmp\pointer to string strcmp\Debug\Source.obj
D:\study\c\pointer to string strcmp\pointer to string strcmp\Debug\cl.command.1.tlog
D:\study\c\pointer to string strcmp\pointer to string strcmp\Debug\CL.read.1.tlog
D:\study\c\pointer to string strcmp\pointer to string strcmp\Debug\CL.write.1.tlog
D:\study\c\pointer to string strcmp\pointer to string strcmp\Debug\link-cvtres.read.1.tlog
D:\study\c\pointer to string strcmp\pointer to string strcmp\Debug\link-cvtres.write.1.tlog
D:\study\c\pointer to string strcmp\pointer to string strcmp\Debug\link-rc.read.1.tlog
D:\study\c\pointer to string strcmp\pointer to string strcmp\Debug\link-rc.write.1.tlog
D:\study\c\pointer to string strcmp\pointer to string strcmp\Debug\link.command.1.tlog
D:\study\c\pointer to string strcmp\pointer to string strcmp\Debug\link.read.1.tlog
D:\study\c\pointer to string strcmp\pointer to string strcmp\Debug\link.write.1.tlog
D:\study\c\pointer to string strcmp\pointer to string strcmp\Debug\vc110.idb
D:\study\c\pointer to string strcmp\pointer to string strcmp\Debug\vc110.pdb
D:\study\c\pointer to string strcmp\Debug\pointer to string strcmp.pdb
D:\study\c\pointer to string strcmp\Debug\pointer to string strcmp.exe
D:\study\c\pointer to string strcmp\Debug\pointer to string strcmp.ilk
