D:\STUDY\C\POINTER TO ARRAY\POINTER TO ARRAY\DEBUG\SOURCE.OBJ
D:\STUDY\C\POINTER TO ARRAY\POINTER TO ARRAY\DEBUG\VC110.PDB
D:\STUDY\C\POINTER TO ARRAY\DEBUG\POINTER TO ARRAY.ILK
D:\STUDY\C\POINTER TO ARRAY\DEBUG\POINTER TO ARRAY.EXE
D:\STUDY\C\POINTER TO ARRAY\DEBUG\POINTER TO ARRAY.PDB
D:\study\c\pointer to array\pointer to array\Debug\Source.obj
D:\study\c\pointer to array\pointer to array\Debug\cl.command.1.tlog
D:\study\c\pointer to array\pointer to array\Debug\CL.read.1.tlog
D:\study\c\pointer to array\pointer to array\Debug\CL.write.1.tlog
D:\study\c\pointer to array\pointer to array\Debug\link-cvtres.read.1.tlog
D:\study\c\pointer to array\pointer to array\Debug\link-cvtres.write.1.tlog
D:\study\c\pointer to array\pointer to array\Debug\link-rc.read.1.tlog
D:\study\c\pointer to array\pointer to array\Debug\link-rc.write.1.tlog
D:\study\c\pointer to array\pointer to array\Debug\link.command.1.tlog
D:\study\c\pointer to array\pointer to array\Debug\link.read.1.tlog
D:\study\c\pointer to array\pointer to array\Debug\link.write.1.tlog
D:\study\c\pointer to array\pointer to array\Debug\vc110.idb
D:\study\c\pointer to array\pointer to array\Debug\vc110.pdb
D:\study\c\pointer to array\Debug\pointer to array.pdb
D:\study\c\pointer to array\Debug\pointer to array.exe
D:\study\c\pointer to array\Debug\pointer to array.ilk
