D:\STUDY\C\STUCTURE TIME ASSIGNMENT1\STUCTURE TIME ASSIGNMENT1\DEBUG\SOURCE.OBJ
D:\STUDY\C\STUCTURE TIME ASSIGNMENT1\STUCTURE TIME ASSIGNMENT1\DEBUG\VC110.PDB
D:\STUDY\C\STUCTURE TIME ASSIGNMENT1\DEBUG\STUCTURE TIME ASSIGNMENT1.ILK
D:\STUDY\C\STUCTURE TIME ASSIGNMENT1\DEBUG\STUCTURE TIME ASSIGNMENT1.EXE
D:\STUDY\C\STUCTURE TIME ASSIGNMENT1\DEBUG\STUCTURE TIME ASSIGNMENT1.PDB
D:\study\c\stucture time assignment1\stucture time assignment1\Debug\Source.obj
D:\study\c\stucture time assignment1\stucture time assignment1\Debug\cl.command.1.tlog
D:\study\c\stucture time assignment1\stucture time assignment1\Debug\CL.read.1.tlog
D:\study\c\stucture time assignment1\stucture time assignment1\Debug\CL.write.1.tlog
D:\study\c\stucture time assignment1\stucture time assignment1\Debug\link-cvtres.read.1.tlog
D:\study\c\stucture time assignment1\stucture time assignment1\Debug\link-cvtres.write.1.tlog
D:\study\c\stucture time assignment1\stucture time assignment1\Debug\link-rc.read.1.tlog
D:\study\c\stucture time assignment1\stucture time assignment1\Debug\link-rc.write.1.tlog
D:\study\c\stucture time assignment1\stucture time assignment1\Debug\link.2972-cvtres.read.1.tlog
D:\study\c\stucture time assignment1\stucture time assignment1\Debug\link.2972-cvtres.write.1.tlog
D:\study\c\stucture time assignment1\stucture time assignment1\Debug\link.2972-rc.read.1.tlog
D:\study\c\stucture time assignment1\stucture time assignment1\Debug\link.2972-rc.write.1.tlog
D:\study\c\stucture time assignment1\stucture time assignment1\Debug\link.2972.read.1.tlog
D:\study\c\stucture time assignment1\stucture time assignment1\Debug\link.2972.write.1.tlog
D:\study\c\stucture time assignment1\stucture time assignment1\Debug\link.command.1.tlog
D:\study\c\stucture time assignment1\stucture time assignment1\Debug\link.read.1.tlog
D:\study\c\stucture time assignment1\stucture time assignment1\Debug\link.write.1.tlog
D:\study\c\stucture time assignment1\stucture time assignment1\Debug\vc110.idb
D:\study\c\stucture time assignment1\stucture time assignment1\Debug\vc110.pdb
D:\study\c\stucture time assignment1\Debug\stucture time assignment1.pdb
D:\study\c\stucture time assignment1\Debug\stucture time assignment1.exe
D:\study\c\stucture time assignment1\Debug\stucture time assignment1.ilk
