D:\STUDY\C\SUM OF SERIES1 DAY3 ASSIGNMENT\SUM OF SERIES1 DAY3 ASSIGNMENT\DEBUG\SOURCE.OBJ
D:\STUDY\C\SUM OF SERIES1 DAY3 ASSIGNMENT\SUM OF SERIES1 DAY3 ASSIGNMENT\DEBUG\VC110.PDB
D:\STUDY\C\SUM OF SERIES1 DAY3 ASSIGNMENT\DEBUG\SUM OF SERIES1 DAY3 ASSIGNMENT.ILK
D:\STUDY\C\SUM OF SERIES1 DAY3 ASSIGNMENT\DEBUG\SUM OF SERIES1 DAY3 ASSIGNMENT.EXE
D:\STUDY\C\SUM OF SERIES1 DAY3 ASSIGNMENT\DEBUG\SUM OF SERIES1 DAY3 ASSIGNMENT.PDB
D:\study\c\sum of series1 day3 assignment\sum of series1 day3 assignment\Debug\Source.obj
D:\study\c\sum of series1 day3 assignment\sum of series1 day3 assignment\Debug\cl.command.1.tlog
D:\study\c\sum of series1 day3 assignment\sum of series1 day3 assignment\Debug\CL.read.1.tlog
D:\study\c\sum of series1 day3 assignment\sum of series1 day3 assignment\Debug\CL.write.1.tlog
D:\study\c\sum of series1 day3 assignment\sum of series1 day3 assignment\Debug\link-cvtres.read.1.tlog
D:\study\c\sum of series1 day3 assignment\sum of series1 day3 assignment\Debug\link-cvtres.write.1.tlog
D:\study\c\sum of series1 day3 assignment\sum of series1 day3 assignment\Debug\link-rc.read.1.tlog
D:\study\c\sum of series1 day3 assignment\sum of series1 day3 assignment\Debug\link-rc.write.1.tlog
D:\study\c\sum of series1 day3 assignment\sum of series1 day3 assignment\Debug\link.command.1.tlog
D:\study\c\sum of series1 day3 assignment\sum of series1 day3 assignment\Debug\link.read.1.tlog
D:\study\c\sum of series1 day3 assignment\sum of series1 day3 assignment\Debug\link.write.1.tlog
D:\study\c\sum of series1 day3 assignment\sum of series1 day3 assignment\Debug\vc110.idb
D:\study\c\sum of series1 day3 assignment\sum of series1 day3 assignment\Debug\vc110.pdb
D:\study\c\sum of series1 day3 assignment\Debug\sum of series1 day3 assignment.pdb
D:\study\c\sum of series1 day3 assignment\Debug\sum of series1 day3 assignment.exe
D:\study\c\sum of series1 day3 assignment\Debug\sum of series1 day3 assignment.ilk
