D:\STUDY\C\STRREV\STRREV\DEBUG\SOURCE.OBJ
D:\STUDY\C\STRREV\STRREV\DEBUG\VC110.PDB
D:\STUDY\C\STRREV\DEBUG\STRREV.ILK
D:\STUDY\C\STRREV\DEBUG\STRREV.EXE
D:\STUDY\C\STRREV\DEBUG\STRREV.PDB
D:\study\c\strrev\strrev\Debug\Source.obj
D:\study\c\strrev\strrev\Debug\cl.command.1.tlog
D:\study\c\strrev\strrev\Debug\CL.read.1.tlog
D:\study\c\strrev\strrev\Debug\CL.write.1.tlog
D:\study\c\strrev\strrev\Debug\link-cvtres.read.1.tlog
D:\study\c\strrev\strrev\Debug\link-cvtres.write.1.tlog
D:\study\c\strrev\strrev\Debug\link-rc.read.1.tlog
D:\study\c\strrev\strrev\Debug\link-rc.write.1.tlog
D:\study\c\strrev\strrev\Debug\link.command.1.tlog
D:\study\c\strrev\strrev\Debug\link.read.1.tlog
D:\study\c\strrev\strrev\Debug\link.write.1.tlog
D:\study\c\strrev\strrev\Debug\vc110.idb
D:\study\c\strrev\strrev\Debug\vc110.pdb
D:\study\c\strrev\Debug\strrev.pdb
D:\study\c\strrev\Debug\strrev.exe
D:\study\c\strrev\Debug\strrev.ilk
