D:\STUDY\C\STRUCTURE USING ARRAY ASSIGMENT1 PLAYER\STRUCTURE USING ARRAY ASSIGMENT1 PLAYER\DEBUG\SOURCE.OBJ
D:\STUDY\C\STRUCTURE USING ARRAY ASSIGMENT1 PLAYER\STRUCTURE USING ARRAY ASSIGMENT1 PLAYER\DEBUG\VC110.PDB
D:\STUDY\C\STRUCTURE USING ARRAY ASSIGMENT1 PLAYER\STRUCTURE USING ARRAY ASSIGMENT1 PLAYER\DEBUG\MAIN.OBJ
D:\STUDY\C\FIRST BIT PUNE\STRUCTURE USING ARRAY ASSIGMENT1 PLAYER\STRUCTURE USING ARRAY ASSIGMENT1 PLAYER\DEBUG\VC110.PDB
D:\STUDY\C\STRUCTURE USING ARRAY ASSIGMENT1 PLAYER\DEBUG\STRUCTURE USING ARRAY ASSIGMENT1 PLAYER.ILK
D:\STUDY\C\STRUCTURE USING ARRAY ASSIGMENT1 PLAYER\DEBUG\STRUCTURE USING ARRAY ASSIGMENT1 PLAYER.EXE
D:\STUDY\C\STRUCTURE USING ARRAY ASSIGMENT1 PLAYER\DEBUG\STRUCTURE USING ARRAY ASSIGMENT1 PLAYER.PDB
D:\study\c\first bit pune\Structure Using Array assigment1 player\Structure Using Array assigment1 player\Debug\main.obj
D:\study\c\first bit pune\Structure Using Array assigment1 player\Structure Using Array assigment1 player\Debug\Source.obj
D:\study\c\first bit pune\Structure Using Array assigment1 player\Structure Using Array assigment1 player\Debug\cl.command.1.tlog
D:\study\c\first bit pune\Structure Using Array assigment1 player\Structure Using Array assigment1 player\Debug\CL.read.1.tlog
D:\study\c\first bit pune\Structure Using Array assigment1 player\Structure Using Array assigment1 player\Debug\CL.write.1.tlog
D:\study\c\first bit pune\Structure Using Array assigment1 player\Structure Using Array assigment1 player\Debug\link-cvtres.read.1.tlog
D:\study\c\first bit pune\Structure Using Array assigment1 player\Structure Using Array assigment1 player\Debug\link-cvtres.write.1.tlog
D:\study\c\first bit pune\Structure Using Array assigment1 player\Structure Using Array assigment1 player\Debug\link-rc.read.1.tlog
D:\study\c\first bit pune\Structure Using Array assigment1 player\Structure Using Array assigment1 player\Debug\link-rc.write.1.tlog
D:\study\c\first bit pune\Structure Using Array assigment1 player\Structure Using Array assigment1 player\Debug\link.3888-cvtres.read.1.tlog
D:\study\c\first bit pune\Structure Using Array assigment1 player\Structure Using Array assigment1 player\Debug\link.3888-cvtres.write.1.tlog
D:\study\c\first bit pune\Structure Using Array assigment1 player\Structure Using Array assigment1 player\Debug\link.3888-rc.read.1.tlog
D:\study\c\first bit pune\Structure Using Array assigment1 player\Structure Using Array assigment1 player\Debug\link.3888-rc.write.1.tlog
D:\study\c\first bit pune\Structure Using Array assigment1 player\Structure Using Array assigment1 player\Debug\link.3888.read.1.tlog
D:\study\c\first bit pune\Structure Using Array assigment1 player\Structure Using Array assigment1 player\Debug\link.3888.write.1.tlog
D:\study\c\first bit pune\Structure Using Array assigment1 player\Structure Using Array assigment1 player\Debug\link.command.1.tlog
D:\study\c\first bit pune\Structure Using Array assigment1 player\Structure Using Array assigment1 player\Debug\link.read.1.tlog
D:\study\c\first bit pune\Structure Using Array assigment1 player\Structure Using Array assigment1 player\Debug\link.write.1.tlog
D:\study\c\first bit pune\Structure Using Array assigment1 player\Structure Using Array assigment1 player\Debug\vc110.idb
D:\study\c\first bit pune\Structure Using Array assigment1 player\Structure Using Array assigment1 player\Debug\vc110.pdb
D:\study\c\first bit pune\Structure Using Array assigment1 player\Debug\Structure Using Array assigment1 player.pdb
D:\study\c\first bit pune\Structure Using Array assigment1 player\Debug\Structure Using Array assigment1 player.exe
D:\study\c\first bit pune\Structure Using Array assigment1 player\Debug\Structure Using Array assigment1 player.ilk
