D:\STUDY\C\ALL TASK USING ARRAY DAY 3  ASSIGNMENT\ALL TASK USING ARRAY DAY 3  ASSIGNMENT\DEBUG\SOURCE.OBJ
D:\STUDY\C\ALL TASK USING ARRAY DAY 3  ASSIGNMENT\ALL TASK USING ARRAY DAY 3  ASSIGNMENT\DEBUG\VC110.PDB
D:\STUDY\C\ALL TASK USING ARRAY DAY 3  ASSIGNMENT\DEBUG\ALL TASK USING ARRAY DAY 3  ASSIGNMENT.ILK
D:\STUDY\C\ALL TASK USING ARRAY DAY 3  ASSIGNMENT\DEBUG\ALL TASK USING ARRAY DAY 3  ASSIGNMENT.EXE
D:\STUDY\C\ALL TASK USING ARRAY DAY 3  ASSIGNMENT\DEBUG\ALL TASK USING ARRAY DAY 3  ASSIGNMENT.PDB
D:\study\c\All task using Array day 3  assignment\All task using Array day 3  assignment\Debug\Source.obj
D:\study\c\All task using Array day 3  assignment\All task using Array day 3  assignment\Debug\cl.command.1.tlog
D:\study\c\All task using Array day 3  assignment\All task using Array day 3  assignment\Debug\CL.read.1.tlog
D:\study\c\All task using Array day 3  assignment\All task using Array day 3  assignment\Debug\CL.write.1.tlog
D:\study\c\All task using Array day 3  assignment\All task using Array day 3  assignment\Debug\link-cvtres.read.1.tlog
D:\study\c\All task using Array day 3  assignment\All task using Array day 3  assignment\Debug\link-cvtres.write.1.tlog
D:\study\c\All task using Array day 3  assignment\All task using Array day 3  assignment\Debug\link-rc.read.1.tlog
D:\study\c\All task using Array day 3  assignment\All task using Array day 3  assignment\Debug\link-rc.write.1.tlog
D:\study\c\All task using Array day 3  assignment\All task using Array day 3  assignment\Debug\link.command.1.tlog
D:\study\c\All task using Array day 3  assignment\All task using Array day 3  assignment\Debug\link.read.1.tlog
D:\study\c\All task using Array day 3  assignment\All task using Array day 3  assignment\Debug\link.write.1.tlog
D:\study\c\All task using Array day 3  assignment\All task using Array day 3  assignment\Debug\vc110.idb
D:\study\c\All task using Array day 3  assignment\All task using Array day 3  assignment\Debug\vc110.pdb
D:\study\c\All task using Array day 3  assignment\Debug\All task using Array day 3  assignment.pdb
D:\study\c\All task using Array day 3  assignment\Debug\All task using Array day 3  assignment.exe
D:\study\c\All task using Array day 3  assignment\Debug\All task using Array day 3  assignment.ilk
