Build started 11-03-2020 01:48:47.
     1>Project "D:\study\c\All task using Array day 3  assignment\All task using Array day 3  assignment\All task using Array day 3  assignment.vcxproj" on node 2 (Build target(s)).
     1>InitializeBuildStatus:
         Creating "Debug\All task using Array day 3  assignment.unsuccessfulbuild" because "AlwaysCreate" was specified.
       ClCompile:
         C:\Program Files (x86)\Microsoft Visual Studio 11.0\VC\bin\CL.exe /c /ZI /nologo /W3 /WX- /Od /Oy- /D WIN32 /D _DEBUG /D _CONSOLE /D _UNICODE /D UNICODE /Gm /EHsc /RTC1 /MDd /GS /fp:precise /Zc:wchar_t /Zc:forScope /Fo"Debug\\" /Fd"Debug\vc110.pdb" /Gd /TC /analyze- /errorReport:prompt Source.c
         Source.c
     1>d:\study\c\all task using array day 3  assignment\all task using array day 3  assignment\source.c(14): warning C4996: 'scanf': This function or variable may be unsafe. Consider using scanf_s instead. To disable deprecation, use _CRT_SECURE_NO_WARNINGS. See online help for details.
                 c:\program files (x86)\microsoft visual studio 11.0\vc\include\stdio.h(290) : see declaration of 'scanf'
     1>d:\study\c\all task using array day 3  assignment\all task using array day 3  assignment\source.c(20): warning C4996: 'scanf': This function or variable may be unsafe. Consider using scanf_s instead. To disable deprecation, use _CRT_SECURE_NO_WARNINGS. See online help for details.
                 c:\program files (x86)\microsoft visual studio 11.0\vc\include\stdio.h(290) : see declaration of 'scanf'
     1>d:\study\c\all task using array day 3  assignment\all task using array day 3  assignment\source.c(79): warning C4244: '=' : conversion from 'int' to 'float', possible loss of data
     1>d:\study\c\all task using array day 3  assignment\all task using array day 3  assignment\source.c(65): warning C4715: 'max_array' : not all control paths return a value
       Link:
         C:\Program Files (x86)\Microsoft Visual Studio 11.0\VC\bin\link.exe /ERRORREPORT:PROMPT /OUT:"D:\study\c\All task using Array day 3  assignment\Debug\All task using Array day 3  assignment.exe" /INCREMENTAL /NOLOGO kernel32.lib user32.lib gdi32.lib winspool.lib comdlg32.lib advapi32.lib shell32.lib ole32.lib oleaut32.lib uuid.lib odbc32.lib odbccp32.lib /MANIFEST /MANIFESTUAC:"level='asInvoker' uiAccess='false'" /manifest:embed /DEBUG /PDB:"D:\study\c\All task using Array day 3  assignment\Debug\All task using Array day 3  assignment.pdb" /SUBSYSTEM:CONSOLE /TLBID:1 /DYNAMICBASE /NXCOMPAT /IMPLIB:"D:\study\c\All task using Array day 3  assignment\Debug\All task using Array day 3  assignment.lib" /MACHINE:X86 Debug\Source.obj
         All task using Array day 3  assignment.vcxproj -> D:\study\c\All task using Array day 3  assignment\Debug\All task using Array day 3  assignment.exe
       FinalizeBuildStatus:
         Deleting file "Debug\All task using Array day 3  assignment.unsuccessfulbuild".
         Touching "Debug\All task using Array day 3  assignment.lastbuildstate".
     1>Done Building Project "D:\study\c\All task using Array day 3  assignment\All task using Array day 3  assignment\All task using Array day 3  assignment.vcxproj" (Build target(s)).

Build succeeded.

Time Elapsed 00:00:01.19
