D:\STUDY\C\TEMPRETURE ASSINMENT1\TEMPRETURE ASSINMENT1\DEBUG\SOURCE.OBJ
D:\STUDY\C\TEMPRETURE ASSINMENT1\TEMPRETURE ASSINMENT1\DEBUG\VC110.PDB
D:\STUDY\C\TEMPRETURE ASSINMENT1\DEBUG\TEMPRETURE ASSINMENT1.ILK
D:\STUDY\C\TEMPRETURE ASSINMENT1\DEBUG\TEMPRETURE ASSINMENT1.EXE
D:\STUDY\C\TEMPRETURE ASSINMENT1\DEBUG\TEMPRETURE ASSINMENT1.PDB
D:\study\c\tempreture assinment1\tempreture assinment1\Debug\Source.obj
D:\study\c\tempreture assinment1\tempreture assinment1\Debug\cl.command.1.tlog
D:\study\c\tempreture assinment1\tempreture assinment1\Debug\CL.read.1.tlog
D:\study\c\tempreture assinment1\tempreture assinment1\Debug\CL.write.1.tlog
D:\study\c\tempreture assinment1\tempreture assinment1\Debug\link-cvtres.read.1.tlog
D:\study\c\tempreture assinment1\tempreture assinment1\Debug\link-cvtres.write.1.tlog
D:\study\c\tempreture assinment1\tempreture assinment1\Debug\link-rc.read.1.tlog
D:\study\c\tempreture assinment1\tempreture assinment1\Debug\link-rc.write.1.tlog
D:\study\c\tempreture assinment1\tempreture assinment1\Debug\link.command.1.tlog
D:\study\c\tempreture assinment1\tempreture assinment1\Debug\link.read.1.tlog
D:\study\c\tempreture assinment1\tempreture assinment1\Debug\link.write.1.tlog
D:\study\c\tempreture assinment1\tempreture assinment1\Debug\vc110.idb
D:\study\c\tempreture assinment1\tempreture assinment1\Debug\vc110.pdb
D:\study\c\tempreture assinment1\Debug\tempreture assinment1.pdb
D:\study\c\tempreture assinment1\Debug\tempreture assinment1.exe
D:\study\c\tempreture assinment1\Debug\tempreture assinment1.ilk
