D:\STUDY\C\STRUCTURETOBOOK\STRUCTURETOBOOK\DEBUG\SOURCE.OBJ
D:\STUDY\C\STRUCTURETOBOOK\STRUCTURETOBOOK\DEBUG\VC110.PDB
D:\STUDY\C\STRUCTURETOBOOK\DEBUG\STRUCTURETOBOOK.ILK
D:\STUDY\C\STRUCTURETOBOOK\DEBUG\STRUCTURETOBOOK.EXE
D:\STUDY\C\STRUCTURETOBOOK\DEBUG\STRUCTURETOBOOK.PDB
D:\study\c\structuretobook\structuretobook\Debug\Source.obj
D:\study\c\structuretobook\structuretobook\Debug\cl.command.1.tlog
D:\study\c\structuretobook\structuretobook\Debug\CL.read.1.tlog
D:\study\c\structuretobook\structuretobook\Debug\CL.write.1.tlog
D:\study\c\structuretobook\structuretobook\Debug\link-cvtres.read.1.tlog
D:\study\c\structuretobook\structuretobook\Debug\link-cvtres.write.1.tlog
D:\study\c\structuretobook\structuretobook\Debug\link-rc.read.1.tlog
D:\study\c\structuretobook\structuretobook\Debug\link-rc.write.1.tlog
D:\study\c\structuretobook\structuretobook\Debug\link.command.1.tlog
D:\study\c\structuretobook\structuretobook\Debug\link.read.1.tlog
D:\study\c\structuretobook\structuretobook\Debug\link.write.1.tlog
D:\study\c\structuretobook\structuretobook\Debug\vc110.idb
D:\study\c\structuretobook\structuretobook\Debug\vc110.pdb
D:\study\c\structuretobook\Debug\structuretobook.pdb
D:\study\c\structuretobook\Debug\structuretobook.exe
D:\study\c\structuretobook\Debug\structuretobook.ilk
