D:\STUDY\C\SRING\SRING\DEBUG\SOURCE.OBJ
D:\STUDY\C\SRING\SRING\DEBUG\VC110.PDB
D:\STUDY\C\SRING\DEBUG\SRING.ILK
D:\STUDY\C\SRING\DEBUG\SRING.EXE
D:\STUDY\C\SRING\DEBUG\SRING.PDB
D:\study\c\sring\sring\Debug\Source.obj
D:\study\c\sring\sring\Debug\cl.command.1.tlog
D:\study\c\sring\sring\Debug\CL.read.1.tlog
D:\study\c\sring\sring\Debug\CL.write.1.tlog
D:\study\c\sring\sring\Debug\link-cvtres.read.1.tlog
D:\study\c\sring\sring\Debug\link-cvtres.write.1.tlog
D:\study\c\sring\sring\Debug\link-rc.read.1.tlog
D:\study\c\sring\sring\Debug\link-rc.write.1.tlog
D:\study\c\sring\sring\Debug\link.command.1.tlog
D:\study\c\sring\sring\Debug\link.read.1.tlog
D:\study\c\sring\sring\Debug\link.write.1.tlog
D:\study\c\sring\sring\Debug\vc110.idb
D:\study\c\sring\sring\Debug\vc110.pdb
D:\study\c\sring\Debug\sring.pdb
D:\study\c\sring\Debug\sring.exe
D:\study\c\sring\Debug\sring.ilk
