D:\STUDY\C\POINTER TO ARRAY REVERSE NUMBER\POINTER TO ARRAY REVERSE NUMBER\DEBUG\VC110.PDB
D:\STUDY\C\POINTER TO ARRAY REVERSE NUMBER\POINTER TO ARRAY REVERSE NUMBER\DEBUG\SOURCE.OBJ
D:\STUDY\C\POINTER TO ARRAY REVERSE NUMBER\DEBUG\POINTER TO ARRAY REVERSE NUMBER.ILK
D:\STUDY\C\POINTER TO ARRAY REVERSE NUMBER\DEBUG\POINTER TO ARRAY REVERSE NUMBER.EXE
D:\STUDY\C\POINTER TO ARRAY REVERSE NUMBER\DEBUG\POINTER TO ARRAY REVERSE NUMBER.PDB
D:\study\c\pointer to array reverse number\pointer to array reverse number\Debug\Source.obj
D:\study\c\pointer to array reverse number\pointer to array reverse number\Debug\cl.command.1.tlog
D:\study\c\pointer to array reverse number\pointer to array reverse number\Debug\CL.read.1.tlog
D:\study\c\pointer to array reverse number\pointer to array reverse number\Debug\CL.write.1.tlog
D:\study\c\pointer to array reverse number\pointer to array reverse number\Debug\link-cvtres.read.1.tlog
D:\study\c\pointer to array reverse number\pointer to array reverse number\Debug\link-cvtres.write.1.tlog
D:\study\c\pointer to array reverse number\pointer to array reverse number\Debug\link-rc.read.1.tlog
D:\study\c\pointer to array reverse number\pointer to array reverse number\Debug\link-rc.write.1.tlog
D:\study\c\pointer to array reverse number\pointer to array reverse number\Debug\link.command.1.tlog
D:\study\c\pointer to array reverse number\pointer to array reverse number\Debug\link.read.1.tlog
D:\study\c\pointer to array reverse number\pointer to array reverse number\Debug\link.write.1.tlog
D:\study\c\pointer to array reverse number\pointer to array reverse number\Debug\vc110.idb
D:\study\c\pointer to array reverse number\pointer to array reverse number\Debug\vc110.pdb
D:\study\c\pointer to array reverse number\Debug\pointer to array reverse number.pdb
D:\study\c\pointer to array reverse number\Debug\pointer to array reverse number.exe
D:\study\c\pointer to array reverse number\Debug\pointer to array reverse number.ilk
