D:\STUDY\C\ARRAY ASSIGNMENT1\ARRAY ASSIGNMENT1\DEBUG\SOURCE.OBJ
D:\STUDY\C\ARRAY ASSIGNMENT1\ARRAY ASSIGNMENT1\DEBUG\VC110.PDB
D:\STUDY\C\ARRAY ASSIGNMENT1\DEBUG\ARRAY ASSIGNMENT1.ILK
D:\STUDY\C\ARRAY ASSIGNMENT1\DEBUG\ARRAY ASSIGNMENT1.EXE
D:\STUDY\C\ARRAY ASSIGNMENT1\DEBUG\ARRAY ASSIGNMENT1.PDB
D:\study\c\array assignment1\array assignment1\Debug\Source.obj
D:\study\c\array assignment1\array assignment1\Debug\cl.command.1.tlog
D:\study\c\array assignment1\array assignment1\Debug\CL.read.1.tlog
D:\study\c\array assignment1\array assignment1\Debug\CL.write.1.tlog
D:\study\c\array assignment1\array assignment1\Debug\link-cvtres.read.1.tlog
D:\study\c\array assignment1\array assignment1\Debug\link-cvtres.write.1.tlog
D:\study\c\array assignment1\array assignment1\Debug\link-rc.read.1.tlog
D:\study\c\array assignment1\array assignment1\Debug\link-rc.write.1.tlog
D:\study\c\array assignment1\array assignment1\Debug\link.command.1.tlog
D:\study\c\array assignment1\array assignment1\Debug\link.read.1.tlog
D:\study\c\array assignment1\array assignment1\Debug\link.write.1.tlog
D:\study\c\array assignment1\array assignment1\Debug\vc110.idb
D:\study\c\array assignment1\array assignment1\Debug\vc110.pdb
D:\study\c\array assignment1\Debug\array assignment1.pdb
D:\study\c\array assignment1\Debug\array assignment1.exe
D:\study\c\array assignment1\Debug\array assignment1.ilk
