D:\STUDY\C\STRUCTURE  TIME\STRUCTURE  TIME\DEBUG\VC110.PDB
D:\STUDY\C\STRUCTURE  TIME\STRUCTURE  TIME\DEBUG\SOURCE.OBJ
D:\STUDY\C\STRUCTURE  TIME\DEBUG\STRUCTURE  TIME.ILK
D:\STUDY\C\STRUCTURE  TIME\DEBUG\STRUCTURE  TIME.EXE
D:\STUDY\C\STRUCTURE  TIME\DEBUG\STRUCTURE  TIME.PDB
D:\study\c\structure  time\structure  time\Debug\Source.obj
D:\study\c\structure  time\structure  time\Debug\cl.command.1.tlog
D:\study\c\structure  time\structure  time\Debug\CL.read.1.tlog
D:\study\c\structure  time\structure  time\Debug\CL.write.1.tlog
D:\study\c\structure  time\structure  time\Debug\link-cvtres.read.1.tlog
D:\study\c\structure  time\structure  time\Debug\link-cvtres.write.1.tlog
D:\study\c\structure  time\structure  time\Debug\link-rc.read.1.tlog
D:\study\c\structure  time\structure  time\Debug\link-rc.write.1.tlog
D:\study\c\structure  time\structure  time\Debug\link.command.1.tlog
D:\study\c\structure  time\structure  time\Debug\link.read.1.tlog
D:\study\c\structure  time\structure  time\Debug\link.write.1.tlog
D:\study\c\structure  time\structure  time\Debug\vc110.idb
D:\study\c\structure  time\structure  time\Debug\vc110.pdb
D:\study\c\structure  time\Debug\structure  time.pdb
D:\study\c\structure  time\Debug\structure  time.exe
D:\study\c\structure  time\Debug\structure  time.ilk
