D:\STUDY\C\STRCONCAT\STRCONCAT\DEBUG\SOURCE.OBJ
D:\STUDY\C\STRCONCAT\STRCONCAT\DEBUG\VC110.PDB
D:\STUDY\C\STRCONCAT\DEBUG\STRCONCAT.ILK
D:\STUDY\C\STRCONCAT\DEBUG\STRCONCAT.EXE
D:\STUDY\C\STRCONCAT\DEBUG\STRCONCAT.PDB
D:\study\c\strconcat\strconcat\Debug\Source.obj
D:\study\c\strconcat\strconcat\Debug\cl.command.1.tlog
D:\study\c\strconcat\strconcat\Debug\CL.read.1.tlog
D:\study\c\strconcat\strconcat\Debug\CL.write.1.tlog
D:\study\c\strconcat\strconcat\Debug\link-cvtres.read.1.tlog
D:\study\c\strconcat\strconcat\Debug\link-cvtres.write.1.tlog
D:\study\c\strconcat\strconcat\Debug\link-rc.read.1.tlog
D:\study\c\strconcat\strconcat\Debug\link-rc.write.1.tlog
D:\study\c\strconcat\strconcat\Debug\link.command.1.tlog
D:\study\c\strconcat\strconcat\Debug\link.read.1.tlog
D:\study\c\strconcat\strconcat\Debug\link.write.1.tlog
D:\study\c\strconcat\strconcat\Debug\vc110.idb
D:\study\c\strconcat\strconcat\Debug\vc110.pdb
D:\study\c\strconcat\Debug\strconcat.pdb
D:\study\c\strconcat\Debug\strconcat.exe
D:\study\c\strconcat\Debug\strconcat.ilk
