D:\STUDY\C\POINTER TO ARRAY REVERSE  A ARRAY2\POINTER TO ARRAY REVERSE  A ARRAY2\DEBUG\SOURCE.OBJ
D:\STUDY\C\POINTER TO ARRAY REVERSE  A ARRAY2\POINTER TO ARRAY REVERSE  A ARRAY2\DEBUG\VC110.PDB
D:\STUDY\C\POINTER TO ARRAY REVERSE  A ARRAY2\DEBUG\POINTER TO ARRAY REVERSE  A ARRAY2.ILK
D:\STUDY\C\POINTER TO ARRAY REVERSE  A ARRAY2\DEBUG\POINTER TO ARRAY REVERSE  A ARRAY2.EXE
D:\STUDY\C\POINTER TO ARRAY REVERSE  A ARRAY2\DEBUG\POINTER TO ARRAY REVERSE  A ARRAY2.PDB
D:\study\c\pointer to array reverse  a array2\pointer to array reverse  a array2\Debug\Source.obj
D:\study\c\pointer to array reverse  a array2\pointer to array reverse  a array2\Debug\cl.command.1.tlog
D:\study\c\pointer to array reverse  a array2\pointer to array reverse  a array2\Debug\CL.read.1.tlog
D:\study\c\pointer to array reverse  a array2\pointer to array reverse  a array2\Debug\CL.write.1.tlog
D:\study\c\pointer to array reverse  a array2\pointer to array reverse  a array2\Debug\link-cvtres.read.1.tlog
D:\study\c\pointer to array reverse  a array2\pointer to array reverse  a array2\Debug\link-cvtres.write.1.tlog
D:\study\c\pointer to array reverse  a array2\pointer to array reverse  a array2\Debug\link-rc.read.1.tlog
D:\study\c\pointer to array reverse  a array2\pointer to array reverse  a array2\Debug\link-rc.write.1.tlog
D:\study\c\pointer to array reverse  a array2\pointer to array reverse  a array2\Debug\link.command.1.tlog
D:\study\c\pointer to array reverse  a array2\pointer to array reverse  a array2\Debug\link.read.1.tlog
D:\study\c\pointer to array reverse  a array2\pointer to array reverse  a array2\Debug\link.write.1.tlog
D:\study\c\pointer to array reverse  a array2\pointer to array reverse  a array2\Debug\vc110.idb
D:\study\c\pointer to array reverse  a array2\pointer to array reverse  a array2\Debug\vc110.pdb
D:\study\c\pointer to array reverse  a array2\Debug\pointer to array reverse  a array2.pdb
D:\study\c\pointer to array reverse  a array2\Debug\pointer to array reverse  a array2.exe
D:\study\c\pointer to array reverse  a array2\Debug\pointer to array reverse  a array2.ilk
