D:\STUDY\C\POINTER TO STRING STRCPY\POINTER TO STRING STRCPY\DEBUG\SOURCE.OBJ
D:\STUDY\C\POINTER TO STRING STRCPY\POINTER TO STRING STRCPY\DEBUG\VC110.PDB
D:\STUDY\C\POINTER TO STRING STRCPY\DEBUG\POINTER TO STRING STRCPY.ILK
D:\STUDY\C\POINTER TO STRING STRCPY\DEBUG\POINTER TO STRING STRCPY.EXE
D:\STUDY\C\POINTER TO STRING STRCPY\DEBUG\POINTER TO STRING STRCPY.PDB
D:\study\c\pointer to string strcpy\pointer to string strcpy\Debug\Source.obj
D:\study\c\pointer to string strcpy\pointer to string strcpy\Debug\cl.command.1.tlog
D:\study\c\pointer to string strcpy\pointer to string strcpy\Debug\CL.read.1.tlog
D:\study\c\pointer to string strcpy\pointer to string strcpy\Debug\CL.write.1.tlog
D:\study\c\pointer to string strcpy\pointer to string strcpy\Debug\link-cvtres.read.1.tlog
D:\study\c\pointer to string strcpy\pointer to string strcpy\Debug\link-cvtres.write.1.tlog
D:\study\c\pointer to string strcpy\pointer to string strcpy\Debug\link-rc.read.1.tlog
D:\study\c\pointer to string strcpy\pointer to string strcpy\Debug\link-rc.write.1.tlog
D:\study\c\pointer to string strcpy\pointer to string strcpy\Debug\link.command.1.tlog
D:\study\c\pointer to string strcpy\pointer to string strcpy\Debug\link.read.1.tlog
D:\study\c\pointer to string strcpy\pointer to string strcpy\Debug\link.write.1.tlog
D:\study\c\pointer to string strcpy\pointer to string strcpy\Debug\vc110.idb
D:\study\c\pointer to string strcpy\pointer to string strcpy\Debug\vc110.pdb
D:\study\c\pointer to string strcpy\Debug\pointer to string strcpy.pdb
D:\study\c\pointer to string strcpy\Debug\pointer to string strcpy.exe
D:\study\c\pointer to string strcpy\Debug\pointer to string strcpy.ilk
