Build started 13-03-2020 09:30:08.
     1>Project "D:\study\c\switch day2 assignment\switch day2 assignment\switch day2 assignment.vcxproj" on node 2 (Build target(s)).
     1>InitializeBuildStatus:
         Creating "Debug\switch day2 assignment.unsuccessfulbuild" because "AlwaysCreate" was specified.
       ClCompile:
         C:\Program Files (x86)\Microsoft Visual Studio 11.0\VC\bin\CL.exe /c /ZI /nologo /W3 /WX- /Od /Oy- /D WIN32 /D _DEBUG /D _CONSOLE /D _UNICODE /D UNICODE /Gm /EHsc /RTC1 /MDd /GS /fp:precise /Zc:wchar_t /Zc:forScope /Fo"Debug\\" /Fd"Debug\vc110.pdb" /Gd /TC /analyze- /errorReport:prompt source.c
         source.c
     1>d:\study\c\switch day2 assignment\switch day2 assignment\source.c(12): warning C4996: 'scanf': This function or variable may be unsafe. Consider using scanf_s instead. To disable deprecation, use _CRT_SECURE_NO_WARNINGS. See online help for details.
                 c:\program files (x86)\microsoft visual studio 11.0\vc\include\stdio.h(290) : see declaration of 'scanf'
     1>d:\study\c\switch day2 assignment\switch day2 assignment\source.c(16): warning C4996: 'scanf': This function or variable may be unsafe. Consider using scanf_s instead. To disable deprecation, use _CRT_SECURE_NO_WARNINGS. See online help for details.
                 c:\program files (x86)\microsoft visual studio 11.0\vc\include\stdio.h(290) : see declaration of 'scanf'
     1>d:\study\c\switch day2 assignment\switch day2 assignment\source.c(21): warning C4996: 'scanf': This function or variable may be unsafe. Consider using scanf_s instead. To disable deprecation, use _CRT_SECURE_NO_WARNINGS. See online help for details.
                 c:\program files (x86)\microsoft visual studio 11.0\vc\include\stdio.h(290) : see declaration of 'scanf'
     1>d:\study\c\switch day2 assignment\switch day2 assignment\source.c(26): warning C4996: 'scanf': This function or variable may be unsafe. Consider using scanf_s instead. To disable deprecation, use _CRT_SECURE_NO_WARNINGS. See online help for details.
                 c:\program files (x86)\microsoft visual studio 11.0\vc\include\stdio.h(290) : see declaration of 'scanf'
     1>d:\study\c\switch day2 assignment\switch day2 assignment\source.c(63): warning C4101: 'n' : unreferenced local variable
       Link:
         C:\Program Files (x86)\Microsoft Visual Studio 11.0\VC\bin\link.exe /ERRORREPORT:PROMPT /OUT:"D:\study\c\switch day2 assignment\Debug\switch day2 assignment.exe" /INCREMENTAL /NOLOGO kernel32.lib user32.lib gdi32.lib winspool.lib comdlg32.lib advapi32.lib shell32.lib ole32.lib oleaut32.lib uuid.lib odbc32.lib odbccp32.lib /MANIFEST /MANIFESTUAC:"level='asInvoker' uiAccess='false'" /manifest:embed /DEBUG /PDB:"D:\study\c\switch day2 assignment\Debug\switch day2 assignment.pdb" /SUBSYSTEM:CONSOLE /TLBID:1 /DYNAMICBASE /NXCOMPAT /IMPLIB:"D:\study\c\switch day2 assignment\Debug\switch day2 assignment.lib" /MACHINE:X86 Debug\source.obj
         switch day2 assignment.vcxproj -> D:\study\c\switch day2 assignment\Debug\switch day2 assignment.exe
       FinalizeBuildStatus:
         Deleting file "Debug\switch day2 assignment.unsuccessfulbuild".
         Touching "Debug\switch day2 assignment.lastbuildstate".
     1>Done Building Project "D:\study\c\switch day2 assignment\switch day2 assignment\switch day2 assignment.vcxproj" (Build target(s)).

Build succeeded.

Time Elapsed 00:00:03.79
