D:\STUDY\C\TOTAL NO OF WORDS LETTER EXTRA\TOTAL NO OF WORDS LETTER EXTRA\DEBUG\VC110.PDB
D:\STUDY\C\TOTAL NO OF WORDS LETTER EXTRA\TOTAL NO OF WORDS LETTER EXTRA\DEBUG\SOURCE.OBJ
D:\STUDY\C\TOTAL NO OF WORDS LETTER EXTRA\DEBUG\TOTAL NO OF WORDS LETTER EXTRA.ILK
D:\STUDY\C\TOTAL NO OF WORDS LETTER EXTRA\DEBUG\TOTAL NO OF WORDS LETTER EXTRA.EXE
D:\STUDY\C\TOTAL NO OF WORDS LETTER EXTRA\DEBUG\TOTAL NO OF WORDS LETTER EXTRA.PDB
D:\study\c\total no of words letter extra\total no of words letter extra\Debug\Source.obj
D:\study\c\total no of words letter extra\total no of words letter extra\Debug\cl.command.1.tlog
D:\study\c\total no of words letter extra\total no of words letter extra\Debug\CL.read.1.tlog
D:\study\c\total no of words letter extra\total no of words letter extra\Debug\CL.write.1.tlog
D:\study\c\total no of words letter extra\total no of words letter extra\Debug\link-cvtres.read.1.tlog
D:\study\c\total no of words letter extra\total no of words letter extra\Debug\link-cvtres.write.1.tlog
D:\study\c\total no of words letter extra\total no of words letter extra\Debug\link-rc.read.1.tlog
D:\study\c\total no of words letter extra\total no of words letter extra\Debug\link-rc.write.1.tlog
D:\study\c\total no of words letter extra\total no of words letter extra\Debug\link.command.1.tlog
D:\study\c\total no of words letter extra\total no of words letter extra\Debug\link.read.1.tlog
D:\study\c\total no of words letter extra\total no of words letter extra\Debug\link.write.1.tlog
D:\study\c\total no of words letter extra\total no of words letter extra\Debug\vc110.idb
D:\study\c\total no of words letter extra\total no of words letter extra\Debug\vc110.pdb
D:\study\c\total no of words letter extra\Debug\total no of words letter extra.pdb
D:\study\c\total no of words letter extra\Debug\total no of words letter extra.exe
D:\study\c\total no of words letter extra\Debug\total no of words letter extra.ilk
