D:\STUDY\C\GREATER OF 3 NUMBER EXTRA\GREATER OF 3 NUMBER EXTRA\DEBUG\SOURCE.OBJ
D:\STUDY\C\GREATER OF 3 NUMBER EXTRA\GREATER OF 3 NUMBER EXTRA\DEBUG\VC110.PDB
D:\STUDY\C\GREATER OF 3 NUMBER EXTRA\DEBUG\GREATER OF 3 NUMBER EXTRA.ILK
D:\STUDY\C\GREATER OF 3 NUMBER EXTRA\DEBUG\GREATER OF 3 NUMBER EXTRA.EXE
D:\STUDY\C\GREATER OF 3 NUMBER EXTRA\DEBUG\GREATER OF 3 NUMBER EXTRA.PDB
D:\study\c\greater of 3 number Extra\greater of 3 number Extra\Debug\Source.obj
D:\study\c\greater of 3 number Extra\greater of 3 number Extra\Debug\cl.command.1.tlog
D:\study\c\greater of 3 number Extra\greater of 3 number Extra\Debug\CL.read.1.tlog
D:\study\c\greater of 3 number Extra\greater of 3 number Extra\Debug\CL.write.1.tlog
D:\study\c\greater of 3 number Extra\greater of 3 number Extra\Debug\link-cvtres.read.1.tlog
D:\study\c\greater of 3 number Extra\greater of 3 number Extra\Debug\link-cvtres.write.1.tlog
D:\study\c\greater of 3 number Extra\greater of 3 number Extra\Debug\link-rc.read.1.tlog
D:\study\c\greater of 3 number Extra\greater of 3 number Extra\Debug\link-rc.write.1.tlog
D:\study\c\greater of 3 number Extra\greater of 3 number Extra\Debug\link.640-cvtres.read.1.tlog
D:\study\c\greater of 3 number Extra\greater of 3 number Extra\Debug\link.640-cvtres.write.1.tlog
D:\study\c\greater of 3 number Extra\greater of 3 number Extra\Debug\link.640-rc.read.1.tlog
D:\study\c\greater of 3 number Extra\greater of 3 number Extra\Debug\link.640-rc.write.1.tlog
D:\study\c\greater of 3 number Extra\greater of 3 number Extra\Debug\link.640.read.1.tlog
D:\study\c\greater of 3 number Extra\greater of 3 number Extra\Debug\link.640.write.1.tlog
D:\study\c\greater of 3 number Extra\greater of 3 number Extra\Debug\link.command.1.tlog
D:\study\c\greater of 3 number Extra\greater of 3 number Extra\Debug\link.read.1.tlog
D:\study\c\greater of 3 number Extra\greater of 3 number Extra\Debug\link.write.1.tlog
D:\study\c\greater of 3 number Extra\greater of 3 number Extra\Debug\vc110.idb
D:\study\c\greater of 3 number Extra\greater of 3 number Extra\Debug\vc110.pdb
D:\study\c\greater of 3 number Extra\Debug\greater of 3 number Extra.pdb
D:\study\c\greater of 3 number Extra\Debug\greater of 3 number Extra.exe
D:\study\c\greater of 3 number Extra\Debug\greater of 3 number Extra.ilk
