Build started 13-03-2020 10:57:57.
     1>Project "D:\study\c\greater of 3 number Extra\greater of 3 number Extra\greater of 3 number Extra.vcxproj" on node 2 (Build target(s)).
     1>InitializeBuildStatus:
         Creating "Debug\greater of 3 number Extra.unsuccessfulbuild" because "AlwaysCreate" was specified.
       ClCompile:
         C:\Program Files (x86)\Microsoft Visual Studio 11.0\VC\bin\CL.exe /c /ZI /nologo /W3 /WX- /Od /Oy- /D WIN32 /D _DEBUG /D _CONSOLE /D _UNICODE /D UNICODE /Gm /EHsc /RTC1 /MDd /GS /fp:precise /Zc:wchar_t /Zc:forScope /Fo"Debug\\" /Fd"Debug\vc110.pdb" /Gd /TC /analyze- /errorReport:prompt Source.c
         Source.c
     1>d:\study\c\greater of 3 number extra\greater of 3 number extra\source.c(7): warning C4996: 'scanf': This function or variable may be unsafe. Consider using scanf_s instead. To disable deprecation, use _CRT_SECURE_NO_WARNINGS. See online help for details.
                 c:\program files (x86)\microsoft visual studio 11.0\vc\include\stdio.h(290) : see declaration of 'scanf'
     1>d:\study\c\greater of 3 number extra\greater of 3 number extra\source.c(9): warning C4996: 'scanf': This function or variable may be unsafe. Consider using scanf_s instead. To disable deprecation, use _CRT_SECURE_NO_WARNINGS. See online help for details.
                 c:\program files (x86)\microsoft visual studio 11.0\vc\include\stdio.h(290) : see declaration of 'scanf'
     1>d:\study\c\greater of 3 number extra\greater of 3 number extra\source.c(11): warning C4996: 'scanf': This function or variable may be unsafe. Consider using scanf_s instead. To disable deprecation, use _CRT_SECURE_NO_WARNINGS. See online help for details.
                 c:\program files (x86)\microsoft visual studio 11.0\vc\include\stdio.h(290) : see declaration of 'scanf'
     1>d:\study\c\greater of 3 number extra\greater of 3 number extra\source.c(5): warning C4101: 'result' : unreferenced local variable
       Link:
         C:\Program Files (x86)\Microsoft Visual Studio 11.0\VC\bin\link.exe /ERRORREPORT:PROMPT /OUT:"D:\study\c\greater of 3 number Extra\Debug\greater of 3 number Extra.exe" /INCREMENTAL /NOLOGO kernel32.lib user32.lib gdi32.lib winspool.lib comdlg32.lib advapi32.lib shell32.lib ole32.lib oleaut32.lib uuid.lib odbc32.lib odbccp32.lib /MANIFEST /MANIFESTUAC:"level='asInvoker' uiAccess='false'" /manifest:embed /DEBUG /PDB:"D:\study\c\greater of 3 number Extra\Debug\greater of 3 number Extra.pdb" /SUBSYSTEM:CONSOLE /TLBID:1 /DYNAMICBASE /NXCOMPAT /IMPLIB:"D:\study\c\greater of 3 number Extra\Debug\greater of 3 number Extra.lib" /MACHINE:X86 Debug\Source.obj
         greater of 3 number Extra.vcxproj -> D:\study\c\greater of 3 number Extra\Debug\greater of 3 number Extra.exe
       FinalizeBuildStatus:
         Deleting file "Debug\greater of 3 number Extra.unsuccessfulbuild".
         Touching "Debug\greater of 3 number Extra.lastbuildstate".
     1>Done Building Project "D:\study\c\greater of 3 number Extra\greater of 3 number Extra\greater of 3 number Extra.vcxproj" (Build target(s)).

Build succeeded.

Time Elapsed 00:00:01.58
