D:\STUDY\C\SWITCH ASSIGMENT1\SWITCH ASSIGMENT1\DEBUG\SOURCE.OBJ
D:\STUDY\C\SWITCH ASSIGMENT1\SWITCH ASSIGMENT1\DEBUG\VC110.PDB
D:\STUDY\C\SWITCH ASSIGMENT1\DEBUG\SWITCH ASSIGMENT1.ILK
D:\STUDY\C\SWITCH ASSIGMENT1\DEBUG\SWITCH ASSIGMENT1.EXE
D:\STUDY\C\SWITCH ASSIGMENT1\DEBUG\SWITCH ASSIGMENT1.PDB
D:\study\c\switch assigment1\switch assigment1\Debug\Source.obj
D:\study\c\switch assigment1\switch assigment1\Debug\cl.command.1.tlog
D:\study\c\switch assigment1\switch assigment1\Debug\CL.read.1.tlog
D:\study\c\switch assigment1\switch assigment1\Debug\CL.write.1.tlog
D:\study\c\switch assigment1\switch assigment1\Debug\link-cvtres.read.1.tlog
D:\study\c\switch assigment1\switch assigment1\Debug\link-cvtres.write.1.tlog
D:\study\c\switch assigment1\switch assigment1\Debug\link-rc.read.1.tlog
D:\study\c\switch assigment1\switch assigment1\Debug\link-rc.write.1.tlog
D:\study\c\switch assigment1\switch assigment1\Debug\link.command.1.tlog
D:\study\c\switch assigment1\switch assigment1\Debug\link.read.1.tlog
D:\study\c\switch assigment1\switch assigment1\Debug\link.write.1.tlog
D:\study\c\switch assigment1\switch assigment1\Debug\vc110.idb
D:\study\c\switch assigment1\switch assigment1\Debug\vc110.pdb
D:\study\c\switch assigment1\Debug\switch assigment1.pdb
D:\study\c\switch assigment1\Debug\switch assigment1.exe
D:\study\c\switch assigment1\Debug\switch assigment1.ilk
